[2025-05-17 01:35:40] Ação: listarUsuarios | Dados: {"acao":"listarUsuarios","page":1,"limit":1000,"deletado":0}
[2025-05-17 01:35:57] Ação: criaUsuarios | Dados: {"acao":"criaUsuarios","usuario":"testeshow","senha":"123456","nome_usuario":"testeshow","senha_usuario":"123456","cpf_usuario":"12345678901","nasc_usuario":"2025-05-16","tipo_usuario":"Administrador"}
[2025-05-17 01:36:19] Ação: criaUsuarios | Dados: {"acao":"criaUsuarios","usuario":"testeshow","senha":"123456","nome_usuario":"testeshow","senha_usuario":"123456","cpf_usuario":"12345678901","nasc_usuario":"2025-05-16","tipo_usuario":"Administrador"}
[2025-05-17 01:44:08] Ação: listarUsuarios | Dados: {"acao":"listarUsuarios","page":1,"limit":1000,"deletado":0}
[2025-05-17 01:44:52] Ação: criaUsuarios | Dados: {"acao":"criaUsuarios","usuario":"testeshow","senha":"123456","nome_usuario":"testeshow","senha_usuario":"123456","cpf_usuario":"12345678901","nasc_usuario":"2025-05-16","tipo_usuario":"Administrador"}
[2025-05-17 01:45:32] Ação: listarUsuarios | Dados: {"acao":"listarUsuarios","page":1,"limit":1000,"deletado":0}
[2025-05-17 01:45:47] Ação: inserirUsuario | Dados: {"acao":"inserirUsuario","usuario":"testeshow","senha":"123456","nome_usuario":"testeshow","senha_usuario":"123456","cpf_usuario":"12345678901","nasc_usuario":"2025-05-16","tipo_usuario":"Administrador"}
[2025-05-17 01:45:48] Ação: listarUsuarios | Dados: {"acao":"listarUsuarios","page":1,"limit":1000,"deletado":0}
[2025-05-17 02:00:42] Ação: logar | Dados: {"acao":"logar","usuario":"testeshow","senha":"123456"}
[2025-05-17 02:00:45] Ação: listarUsuarios | Dados: {"acao":"listarUsuarios","page":1,"limit":1000,"deletado":0}
[2025-05-17 02:02:18] Ação: listarUsuarios | Dados: {"acao":"listarUsuarios","page":1,"limit":1000,"deletado":0}
[2025-05-17 02:02:29] Ação: inativarUsuario | Dados: {"acao":"inativarUsuario","id_usuario":2}
[2025-05-17 02:02:50] Ação: inserirUsuario | Dados: {"acao":"inserirUsuario","usuario":"testeshow","senha":"123456","nome_usuario":"testeshow","senha_usuario":"123456","cpf_usuario":"12345678901","nasc_usuario":"2025-05-16","tipo_usuario":"Administrador"}
[2025-05-17 02:02:58] Ação: inserirUsuario | Dados: {"acao":"inserirUsuario","usuario":"testeshow","senha":"123456","nome_usuario":"testeshow","senha_usuario":"123456","cpf_usuario":"12345678910","nasc_usuario":"2025-05-16","tipo_usuario":"Administrador"}
[2025-05-17 02:02:58] Ação: listarUsuarios | Dados: {"acao":"listarUsuarios","page":1,"limit":1000,"deletado":0}
[2025-05-17 02:13:40] Ação: listarUsuarios | Dados: {"acao":"listarUsuarios","page":1,"limit":1000,"deletado":0}
[2025-05-17 02:49:17] Ação: listarUsuarios | Dados: {"acao":"listarUsuarios","page":1,"limit":1000,"deletado":0}
[2025-05-17 02:49:24] Ação: listarUsuarios | Dados: {"acao":"listarUsuarios","page":1,"limit":1000,"deletado":0}
[2025-05-17 02:49:32] Ação: logar | Dados: {"acao":"logar","usuario":"testeshow","senha":"123456"}
[2025-05-17 02:49:37] Ação: logar | Dados: {"acao":"logar","usuario":"testeshow","senha":"123456"}
[2025-05-17 02:49:43] Ação: logar | Dados: {"acao":"logar","usuario":"testshow","senha":"123456"}
[2025-05-17 02:50:03] Ação: logar | Dados: {"acao":"logar","usuario":"testshow","senha":"1234567"}
[2025-05-17 02:50:10] Ação: logar | Dados: {"acao":"logar","usuario":"testeshow","senha":"1234567"}
[2025-05-17 02:50:12] Ação: logar | Dados: {"acao":"logar","usuario":"testeshow","senha":"12345678"}
[2025-05-17 02:50:13] Ação: logar | Dados: {"acao":"logar","usuario":"testeshow","senha":"12345678"}
[2025-05-17 02:50:19] Ação: logar | Dados: {"acao":"logar","usuario":"testeshow","senha":"12345678"}
[2025-05-17 02:55:50] Ação: logar | Dados: {"acao":"logar","usuario":"testeshow","senha":"12345678"}
[2025-05-17 02:55:51] Ação: logar | Dados: {"acao":"logar","usuario":"testeshow","senha":"12345678"}
[2025-05-17 02:55:52] Ação: logar | Dados: {"acao":"logar","usuario":"testeshow","senha":"12345678"}
[2025-05-17 02:55:54] Ação: logar | Dados: {"acao":"logar","usuario":"testeshow","senha":"123456"}
[2025-05-17 02:55:55] Ação: logar | Dados: {"acao":"logar","usuario":"testeshow","senha":"123456"}
[2025-05-17 02:57:00] Ação: logar | Dados: {"acao":"logar","usuario":"teste","senha":"123456"}
[2025-05-17 03:01:25] Ação: logar | Dados: {"acao":"logar","usuario":"testeshow","senha":"123456"}
[2025-05-17 03:04:18] Ação: listarUsuarios | Dados: {"acao":"listarUsuarios","page":1,"limit":1000,"deletado":0}
[2025-05-17 03:04:52] Ação: inserirUsuario | Dados: {"acao":"inserirUsuario","usuario":"testando","senha":"123456","nome_usuario":"testando","senha_usuario":"123456","cpf_usuario":"11122233344","nasc_usuario":"2025-05-16","tipo_usuario":"Administrador"}
[2025-05-17 03:04:52] Ação: listarUsuarios | Dados: {"acao":"listarUsuarios","page":1,"limit":1000,"deletado":0}
[2025-05-17 03:05:49] Ação: logar | Dados: {"acao":"logar","usuario":"testando","senha":"123456"}
[2025-05-17 10:56:32] Ação: logar | Dados: {"acao":"logar","usuario":"testando","senha":"123456"}
[2025-05-17 10:56:33] Ação: listarUsuarios | Dados: {"acao":"listarUsuarios","page":1,"limit":1000,"deletado":0}
[2025-05-17 11:04:54] Ação: listarUsuarios | Dados: {"acao":"listarUsuarios","page":1,"limit":1000,"deletado":0}
[2025-05-17 11:05:11] Ação: listarUsuarios | Dados: {"acao":"listarUsuarios","page":1,"limit":1000,"deletado":0}
[2025-05-17 11:06:25] Ação: listarUsuarios | Dados: {"acao":"listarUsuarios","page":1,"limit":1000,"deletado":0}
[2025-05-17 11:06:37] Ação: listarUsuarios | Dados: {"acao":"listarUsuarios","page":1,"limit":1000,"deletado":0}
[2025-05-17 11:10:14] Ação: listarUsuarios | Dados: {"acao":"listarUsuarios","page":1,"limit":1000,"deletado":0}
[2025-05-17 11:10:20] Ação: atualizarUsuario | Dados: {"acao":"atualizarUsuario","id_usuario":5,"nome_usuario":"testandoshow","cpf_usuario":"11122233344","tipo_usuario":"Administrador"}
[2025-05-17 11:10:25] Ação: atualizarUsuario | Dados: {"acao":"atualizarUsuario","id_usuario":5,"nome_usuario":"testandoshow","cpf_usuario":"11122233344","tipo_usuario":"Administrador"}
[2025-05-17 11:10:50] Ação: atualizarUsuario | Dados: {"acao":"atualizarUsuario","id_usuario":5,"nome_usuario":"testandoshow","cpf_usuario":"11122233344","tipo_usuario":"Administrador"}
[2025-05-17 11:11:00] Ação: atualizarUsuario | Dados: {"acao":"atualizarUsuario","id_usuario":5,"nome_usuario":"testandoshow","cpf_usuario":"11122233344","tipo_usuario":"Administrador"}
[2025-05-17 11:18:44] Ação: atualizarUsuario | Dados: {"acao":"atualizarUsuario","id_usuario":5,"nome_usuario":"testandoshow","cpf_usuario":"11122233344","tipo_usuario":"Administrador"}
[2025-05-17 11:18:45] Ação: listarUsuarios | Dados: {"acao":"listarUsuarios","page":1,"limit":1000,"deletado":0}
[2025-05-17 11:18:58] Ação: listarUsuarios | Dados: {"acao":"listarUsuarios","page":1,"limit":1000,"deletado":0}
[2025-05-17 11:19:08] Ação: logar | Dados: {"acao":"logar","usuario":"testandoshow","senha":"112233"}
[2025-05-17 11:19:14] Ação: logar | Dados: {"acao":"logar","usuario":"testandoshow","senha":"123456"}
[2025-05-17 11:19:20] Ação: listarUsuarios | Dados: {"acao":"listarUsuarios","page":1,"limit":1000,"deletado":0}
[2025-05-18 16:30:38] Ação: logar | Dados: {"acao":"logar","usuario":"testando","senha":"123456"}
[2025-05-18 16:30:45] Ação: logar | Dados: {"acao":"logar","usuario":"testando","senha":"112233"}
[2025-05-18 16:30:53] Ação: logar | Dados: {"acao":"logar","usuario":"testandoshow","senha":"123456"}
[2025-05-18 16:32:07] Ação: listarModelo | Dados: {"acao":"listarModelo","page":1,"limit":1000,"deletado":0}
[2025-05-18 16:32:09] Ação: listarModelo | Dados: {"acao":"listarModelo","page":1,"limit":1000,"deletado":0}
[2025-05-18 16:32:10] Ação: listarModelo | Dados: {"acao":"listarModelo","page":1,"limit":1000,"deletado":0}
[2025-05-18 16:38:58] Ação: listarModelo | Dados: {"acao":"listarModelo","page":1,"limit":1000,"deletado":0}
[2025-05-18 17:11:30] Ação: logar | Dados: {"acao":"logar","usuario":"testeshow","senha":"123456"}
[2025-05-18 17:11:41] Ação: logar | Dados: {"acao":"logar","usuario":"testandoshow","senha":"123456"}
